C:\USERS\PELôN\DESKTOP\EXERCíCIO ARQUITETURAS\AGC\AGC\SRC\HELLOT\DEBUG\GL_UTILS.OBJ
C:\USERS\PELôN\DESKTOP\EXERCíCIO ARQUITETURAS\AGC\AGC\SRC\HELLOT\DEBUG\MAIN.OBJ
C:\USERS\PELôN\DESKTOP\EXERCíCIO ARQUITETURAS\AGC\AGC\SRC\HELLOT\DEBUG\MATHS_FUNCS.OBJ
C:\USERS\PELÔN\DESKTOP\EXERCÍCIO ARQUITETURAS\AGC\AGC\SRC\HELLOT\DEBUG\VC110.PDB
C:\USERS\PELôN\DESKTOP\EXERCíCIO ARQUITETURAS\AGC\AGC\SRC\HELLOT\DEBUG\STB_IMAGE.OBJ
C:\USERS\PELôN\DESKTOP\EXERCíCIO ARQUITETURAS\AGC\AGC\SRC\HELLOT\DEBUG\HELLOT.ILK
C:\USERS\PELôN\DESKTOP\EXERCíCIO ARQUITETURAS\AGC\AGC\SRC\HELLOT\DEBUG\HELLOT.EXE
C:\Users\Pelôn\Desktop\Exercício Arquiteturas\AGC\AGC\src\hellot\Debug\gl_utils.obj
C:\Users\Pelôn\Desktop\Exercício Arquiteturas\AGC\AGC\src\hellot\Debug\main.obj
C:\Users\Pelôn\Desktop\Exercício Arquiteturas\AGC\AGC\src\hellot\Debug\maths_funcs.obj
C:\Users\Pelôn\Desktop\Exercício Arquiteturas\AGC\AGC\src\hellot\Debug\stb_image.obj
C:\Users\Pelôn\Desktop\Exercício Arquiteturas\AGC\AGC\src\hellot\Debug\hellot.ilk
C:\Users\Pelôn\Desktop\Exercício Arquiteturas\AGC\AGC\src\hellot\Debug\cl.command.1.tlog
C:\Users\Pelôn\Desktop\Exercício Arquiteturas\AGC\AGC\src\hellot\Debug\CL.read.1.tlog
C:\Users\Pelôn\Desktop\Exercício Arquiteturas\AGC\AGC\src\hellot\Debug\CL.write.1.tlog
C:\Users\Pelôn\Desktop\Exercício Arquiteturas\AGC\AGC\src\hellot\Debug\link-cvtres.read.1.tlog
C:\Users\Pelôn\Desktop\Exercício Arquiteturas\AGC\AGC\src\hellot\Debug\link-cvtres.write.1.tlog
C:\Users\Pelôn\Desktop\Exercício Arquiteturas\AGC\AGC\src\hellot\Debug\link-rc.read.1.tlog
C:\Users\Pelôn\Desktop\Exercício Arquiteturas\AGC\AGC\src\hellot\Debug\link-rc.write.1.tlog
C:\Users\Pelôn\Desktop\Exercício Arquiteturas\AGC\AGC\src\hellot\Debug\link.10644-cvtres.read.1.tlog
C:\Users\Pelôn\Desktop\Exercício Arquiteturas\AGC\AGC\src\hellot\Debug\link.10644-cvtres.write.1.tlog
C:\Users\Pelôn\Desktop\Exercício Arquiteturas\AGC\AGC\src\hellot\Debug\link.10644-rc.read.1.tlog
C:\Users\Pelôn\Desktop\Exercício Arquiteturas\AGC\AGC\src\hellot\Debug\link.10644-rc.write.1.tlog
C:\Users\Pelôn\Desktop\Exercício Arquiteturas\AGC\AGC\src\hellot\Debug\link.10644.read.1.tlog
C:\Users\Pelôn\Desktop\Exercício Arquiteturas\AGC\AGC\src\hellot\Debug\link.10644.write.1.tlog
C:\Users\Pelôn\Desktop\Exercício Arquiteturas\AGC\AGC\src\hellot\Debug\link.5924-cvtres.read.1.tlog
C:\Users\Pelôn\Desktop\Exercício Arquiteturas\AGC\AGC\src\hellot\Debug\link.5924-cvtres.write.1.tlog
C:\Users\Pelôn\Desktop\Exercício Arquiteturas\AGC\AGC\src\hellot\Debug\link.5924-rc.read.1.tlog
C:\Users\Pelôn\Desktop\Exercício Arquiteturas\AGC\AGC\src\hellot\Debug\link.5924-rc.write.1.tlog
C:\Users\Pelôn\Desktop\Exercício Arquiteturas\AGC\AGC\src\hellot\Debug\link.5924.read.1.tlog
C:\Users\Pelôn\Desktop\Exercício Arquiteturas\AGC\AGC\src\hellot\Debug\link.5924.write.1.tlog
C:\Users\Pelôn\Desktop\Exercício Arquiteturas\AGC\AGC\src\hellot\Debug\link.command.1.tlog
C:\Users\Pelôn\Desktop\Exercício Arquiteturas\AGC\AGC\src\hellot\Debug\link.read.1.tlog
C:\Users\Pelôn\Desktop\Exercício Arquiteturas\AGC\AGC\src\hellot\Debug\link.write.1.tlog
C:\Users\Pelôn\Desktop\Exercício Arquiteturas\AGC\AGC\src\hellot\Debug\vc110.idb
C:\Users\Pelôn\Desktop\Exercício Arquiteturas\AGC\AGC\src\hellot\Debug\vc110.pdb
